SF:lib/services/stats_utils.dart
DA:6,1
DA:7,1
DA:8,2
DA:9,3
DA:10,2
DA:19,1
DA:22,1
DA:23,1
DA:24,1
DA:26,2
DA:27,1
DA:28,2
DA:29,2
DA:31,1
DA:32,1
DA:33,2
DA:34,1
DA:36,3
LF:18
LH:18
end_of_record
SF:lib/services/exercise_service.dart
DA:14,1
DA:15,0
DA:16,0
DA:17,2
DA:22,0
DA:28,1
DA:29,5
DA:33,1
DA:34,3
DA:35,1
DA:36,1
DA:37,1
DA:38,1
DA:39,1
DA:40,1
DA:41,1
DA:45,1
DA:47,4
DA:48,1
DA:49,1
DA:50,1
DA:51,1
DA:52,1
DA:53,1
DA:57,4
DA:61,0
DA:65,0
DA:66,0
DA:68,0
DA:69,0
DA:70,0
DA:71,0
DA:72,0
DA:74,0
DA:76,0
DA:79,0
DA:81,0
DA:82,0
DA:85,0
DA:86,0
DA:88,0
DA:89,0
DA:90,0
DA:92,0
DA:99,1
DA:100,1
DA:101,4
DA:102,1
DA:104,1
DA:105,2
DA:106,1
DA:107,1
DA:109,1
DA:110,2
DA:111,2
DA:112,1
DA:113,3
DA:114,4
DA:120,0
DA:121,0
DA:122,0
DA:126,0
DA:128,0
DA:129,0
DA:131,0
DA:132,0
DA:136,0
DA:137,0
DA:138,0
DA:139,0
DA:140,0
DA:141,0
DA:143,0
DA:144,0
DA:145,0
DA:146,0
DA:147,0
DA:157,0
DA:158,0
DA:159,0
DA:160,0
DA:161,0
DA:163,0
DA:164,0
DA:165,0
DA:166,0
DA:167,0
DA:168,0
DA:169,0
DA:170,0
DA:178,0
DA:179,0
DA:180,0
DA:181,0
DA:182,0
DA:183,0
DA:184,0
DA:185,0
DA:186,0
DA:187,0
DA:188,0
DA:189,0
DA:193,0
DA:194,0
DA:196,0
LF:105
LH:36
end_of_record
SF:lib/model/exercise.dart
DA:16,1
DA:28,0
DA:29,0
DA:30,0
DA:31,0
DA:32,0
DA:33,0
DA:34,0
DA:35,0
DA:37,0
DA:42,0
DA:43,0
DA:45,0
DA:46,0
DA:47,0
DA:48,0
DA:49,0
DA:50,0
DA:51,0
DA:52,0
LF:20
LH:1
end_of_record
